  VisualGDB: Run "C:\SysGCC\arm-eabi\bin\make.exe  CONFIG=Debug clean -j8" in directory "D:\Code\STM32\Project\Nucleo_Onenet_Zigbee\Nucleo_Onenet" on local computer
  cmd /C del /S /Q Debug
  删除文件 - D:\Code\STM32\Project\Nucleo_Onenet_Zigbee\Nucleo_Onenet\Debug\adc.dep
  删除文件 - D:\Code\STM32\Project\Nucleo_Onenet_Zigbee\Nucleo_Onenet\Debug\adc.o
  删除文件 - D:\Code\STM32\Project\Nucleo_Onenet_Zigbee\Nucleo_Onenet\Debug\cJSON.dep
  删除文件 - D:\Code\STM32\Project\Nucleo_Onenet_Zigbee\Nucleo_Onenet\Debug\cJSON.o
  删除文件 - D:\Code\STM32\Project\Nucleo_Onenet_Zigbee\Nucleo_Onenet\Debug\EdpKit.dep
  删除文件 - D:\Code\STM32\Project\Nucleo_Onenet_Zigbee\Nucleo_Onenet\Debug\EdpKit.o
  删除文件 - D:\Code\STM32\Project\Nucleo_Onenet_Zigbee\Nucleo_Onenet\Debug\EdpTask.dep
  删除文件 - D:\Code\STM32\Project\Nucleo_Onenet_Zigbee\Nucleo_Onenet\Debug\EdpTask.o
  删除文件 - D:\Code\STM32\Project\Nucleo_Onenet_Zigbee\Nucleo_Onenet\Debug\esp8266.dep
  删除文件 - D:\Code\STM32\Project\Nucleo_Onenet_Zigbee\Nucleo_Onenet\Debug\esp8266.o
  删除文件 - D:\Code\STM32\Project\Nucleo_Onenet_Zigbee\Nucleo_Onenet\Debug\esp8266_io.dep
  删除文件 - D:\Code\STM32\Project\Nucleo_Onenet_Zigbee\Nucleo_Onenet\Debug\esp8266_io.o
  删除文件 - D:\Code\STM32\Project\Nucleo_Onenet_Zigbee\Nucleo_Onenet\Debug\gpio.dep
  删除文件 - D:\Code\STM32\Project\Nucleo_Onenet_Zigbee\Nucleo_Onenet\Debug\gpio.o
  删除文件 - D:\Code\STM32\Project\Nucleo_Onenet_Zigbee\Nucleo_Onenet\Debug\main.dep
  另一个程序正在使用此文件，进程无法访问。
  删除文件 - D:\Code\STM32\Project\Nucleo_Onenet_Zigbee\Nucleo_Onenet\Debug\main.o
  删除文件 - D:\Code\STM32\Project\Nucleo_Onenet_Zigbee\Nucleo_Onenet\Debug\Nucleo_Onenet.bin
  删除文件 - D:\Code\STM32\Project\Nucleo_Onenet_Zigbee\Nucleo_Onenet\Debug\Nucleo_Onenet.elf
  D:\Code\STM32\Project\Nucleo_Onenet_Zigbee\Nucleo_Onenet\Debug\Nucleo_Onenet.log
  删除文件 - D:\Code\STM32\Project\Nucleo_Onenet_Zigbee\Nucleo_Onenet\Debug\startup_stm32f401xe.dep
  删除文件 - D:\Code\STM32\Project\Nucleo_Onenet_Zigbee\Nucleo_Onenet\Debug\startup_stm32f401xe.o
  删除文件 - D:\Code\STM32\Project\Nucleo_Onenet_Zigbee\Nucleo_Onenet\Debug\stm32f4xx_hal.dep
  删除文件 - D:\Code\STM32\Project\Nucleo_Onenet_Zigbee\Nucleo_Onenet\Debug\stm32f4xx_hal.o
  删除文件 - D:\Code\STM32\Project\Nucleo_Onenet_Zigbee\Nucleo_Onenet\Debug\stm32f4xx_hal_adc.dep
  删除文件 - D:\Code\STM32\Project\Nucleo_Onenet_Zigbee\Nucleo_Onenet\Debug\stm32f4xx_hal_adc.o
  删除文件 - D:\Code\STM32\Project\Nucleo_Onenet_Zigbee\Nucleo_Onenet\Debug\stm32f4xx_hal_adc_ex.dep
  删除文件 - D:\Code\STM32\Project\Nucleo_Onenet_Zigbee\Nucleo_Onenet\Debug\stm32f4xx_hal_adc_ex.o
  删除文件 - D:\Code\STM32\Project\Nucleo_Onenet_Zigbee\Nucleo_Onenet\Debug\stm32f4xx_hal_can.dep
  删除文件 - D:\Code\STM32\Project\Nucleo_Onenet_Zigbee\Nucleo_Onenet\Debug\stm32f4xx_hal_can.o
  删除文件 - D:\Code\STM32\Project\Nucleo_Onenet_Zigbee\Nucleo_Onenet\Debug\stm32f4xx_hal_cec.dep
  删除文件 - D:\Code\STM32\Project\Nucleo_Onenet_Zigbee\Nucleo_Onenet\Debug\stm32f4xx_hal_cec.o
  删除文件 - D:\Code\STM32\Project\Nucleo_Onenet_Zigbee\Nucleo_Onenet\Debug\stm32f4xx_hal_cortex.dep
  删除文件 - D:\Code\STM32\Project\Nucleo_Onenet_Zigbee\Nucleo_Onenet\Debug\stm32f4xx_hal_cortex.o
  删除文件 - D:\Code\STM32\Project\Nucleo_Onenet_Zigbee\Nucleo_Onenet\Debug\stm32f4xx_hal_crc.dep
  删除文件 - D:\Code\STM32\Project\Nucleo_Onenet_Zigbee\Nucleo_Onenet\Debug\stm32f4xx_hal_crc.o
  删除文件 - D:\Code\STM32\Project\Nucleo_Onenet_Zigbee\Nucleo_Onenet\Debug\stm32f4xx_hal_cryp.dep
  删除文件 - D:\Code\STM32\Project\Nucleo_Onenet_Zigbee\Nucleo_Onenet\Debug\stm32f4xx_hal_cryp.o
  删除文件 - D:\Code\STM32\Project\Nucleo_Onenet_Zigbee\Nucleo_Onenet\Debug\stm32f4xx_hal_cryp_ex.dep
  删除文件 - D:\Code\STM32\Project\Nucleo_Onenet_Zigbee\Nucleo_Onenet\Debug\stm32f4xx_hal_cryp_ex.o
  删除文件 - D:\Code\STM32\Project\Nucleo_Onenet_Zigbee\Nucleo_Onenet\Debug\stm32f4xx_hal_dac.dep
  删除文件 - D:\Code\STM32\Project\Nucleo_Onenet_Zigbee\Nucleo_Onenet\Debug\stm32f4xx_hal_dac.o
  删除文件 - D:\Code\STM32\Project\Nucleo_Onenet_Zigbee\Nucleo_Onenet\Debug\stm32f4xx_hal_dac_ex.dep
  删除文件 - D:\Code\STM32\Project\Nucleo_Onenet_Zigbee\Nucleo_Onenet\Debug\stm32f4xx_hal_dac_ex.o
  删除文件 - D:\Code\STM32\Project\Nucleo_Onenet_Zigbee\Nucleo_Onenet\Debug\stm32f4xx_hal_dcmi.dep
  删除文件 - D:\Code\STM32\Project\Nucleo_Onenet_Zigbee\Nucleo_Onenet\Debug\stm32f4xx_hal_dcmi.o
  删除文件 - D:\Code\STM32\Project\Nucleo_Onenet_Zigbee\Nucleo_Onenet\Debug\stm32f4xx_hal_dcmi_ex.dep
  删除文件 - D:\Code\STM32\Project\Nucleo_Onenet_Zigbee\Nucleo_Onenet\Debug\stm32f4xx_hal_dcmi_ex.o
  删除文件 - D:\Code\STM32\Project\Nucleo_Onenet_Zigbee\Nucleo_Onenet\Debug\stm32f4xx_hal_dfsdm.dep
  删除文件 - D:\Code\STM32\Project\Nucleo_Onenet_Zigbee\Nucleo_Onenet\Debug\stm32f4xx_hal_dfsdm.o
  删除文件 - D:\Code\STM32\Project\Nucleo_Onenet_Zigbee\Nucleo_Onenet\Debug\stm32f4xx_hal_dma.dep
  删除文件 - D:\Code\STM32\Project\Nucleo_Onenet_Zigbee\Nucleo_Onenet\Debug\stm32f4xx_hal_dma.o
  删除文件 - D:\Code\STM32\Project\Nucleo_Onenet_Zigbee\Nucleo_Onenet\Debug\stm32f4xx_hal_dma2d.dep
  删除文件 - D:\Code\STM32\Project\Nucleo_Onenet_Zigbee\Nucleo_Onenet\Debug\stm32f4xx_hal_dma2d.o
  删除文件 - D:\Code\STM32\Project\Nucleo_Onenet_Zigbee\Nucleo_Onenet\Debug\stm32f4xx_hal_dma_ex.dep
  删除文件 - D:\Code\STM32\Project\Nucleo_Onenet_Zigbee\Nucleo_Onenet\Debug\stm32f4xx_hal_dma_ex.o
  删除文件 - D:\Code\STM32\Project\Nucleo_Onenet_Zigbee\Nucleo_Onenet\Debug\stm32f4xx_hal_dsi.dep
  删除文件 - D:\Code\STM32\Project\Nucleo_Onenet_Zigbee\Nucleo_Onenet\Debug\stm32f4xx_hal_dsi.o
  删除文件 - D:\Code\STM32\Project\Nucleo_Onenet_Zigbee\Nucleo_Onenet\Debug\stm32f4xx_hal_eth.dep
  删除文件 - D:\Code\STM32\Project\Nucleo_Onenet_Zigbee\Nucleo_Onenet\Debug\stm32f4xx_hal_eth.o
  删除文件 - D:\Code\STM32\Project\Nucleo_Onenet_Zigbee\Nucleo_Onenet\Debug\stm32f4xx_hal_flash.dep
  删除文件 - D:\Code\STM32\Project\Nucleo_Onenet_Zigbee\Nucleo_Onenet\Debug\stm32f4xx_hal_flash.o
  删除文件 - D:\Code\STM32\Project\Nucleo_Onenet_Zigbee\Nucleo_Onenet\Debug\stm32f4xx_hal_flash_ex.dep
  删除文件 - D:\Code\STM32\Project\Nucleo_Onenet_Zigbee\Nucleo_Onenet\Debug\stm32f4xx_hal_flash_ex.o
  删除文件 - D:\Code\STM32\Project\Nucleo_Onenet_Zigbee\Nucleo_Onenet\Debug\stm32f4xx_hal_flash_ramfunc.dep
  删除文件 - D:\Code\STM32\Project\Nucleo_Onenet_Zigbee\Nucleo_Onenet\Debug\stm32f4xx_hal_flash_ramfunc.o
  删除文件 - D:\Code\STM32\Project\Nucleo_Onenet_Zigbee\Nucleo_Onenet\Debug\stm32f4xx_hal_fmpi2c.dep
  删除文件 - D:\Code\STM32\Project\Nucleo_Onenet_Zigbee\Nucleo_Onenet\Debug\stm32f4xx_hal_fmpi2c.o
  删除文件 - D:\Code\STM32\Project\Nucleo_Onenet_Zigbee\Nucleo_Onenet\Debug\stm32f4xx_hal_fmpi2c_ex.dep
  删除文件 - D:\Code\STM32\Project\Nucleo_Onenet_Zigbee\Nucleo_Onenet\Debug\stm32f4xx_hal_fmpi2c_ex.o
  删除文件 - D:\Code\STM32\Project\Nucleo_Onenet_Zigbee\Nucleo_Onenet\Debug\stm32f4xx_hal_gpio.dep
  删除文件 - D:\Code\STM32\Project\Nucleo_Onenet_Zigbee\Nucleo_Onenet\Debug\stm32f4xx_hal_gpio.o
  删除文件 - D:\Code\STM32\Project\Nucleo_Onenet_Zigbee\Nucleo_Onenet\Debug\stm32f4xx_hal_hash.dep
  删除文件 - D:\Code\STM32\Project\Nucleo_Onenet_Zigbee\Nucleo_Onenet\Debug\stm32f4xx_hal_hash.o
  删除文件 - D:\Code\STM32\Project\Nucleo_Onenet_Zigbee\Nucleo_Onenet\Debug\stm32f4xx_hal_hash_ex.dep
  删除文件 - D:\Code\STM32\Project\Nucleo_Onenet_Zigbee\Nucleo_Onenet\Debug\stm32f4xx_hal_hash_ex.o
  删除文件 - D:\Code\STM32\Project\Nucleo_Onenet_Zigbee\Nucleo_Onenet\Debug\stm32f4xx_hal_hcd.dep
  删除文件 - D:\Code\STM32\Project\Nucleo_Onenet_Zigbee\Nucleo_Onenet\Debug\stm32f4xx_hal_hcd.o
  删除文件 - D:\Code\STM32\Project\Nucleo_Onenet_Zigbee\Nucleo_Onenet\Debug\stm32f4xx_hal_i2c.dep
  删除文件 - D:\Code\STM32\Project\Nucleo_Onenet_Zigbee\Nucleo_Onenet\Debug\stm32f4xx_hal_i2c.o
  删除文件 - D:\Code\STM32\Project\Nucleo_Onenet_Zigbee\Nucleo_Onenet\Debug\stm32f4xx_hal_i2c_ex.dep
  删除文件 - D:\Code\STM32\Project\Nucleo_Onenet_Zigbee\Nucleo_Onenet\Debug\stm32f4xx_hal_i2c_ex.o
  删除文件 - D:\Code\STM32\Project\Nucleo_Onenet_Zigbee\Nucleo_Onenet\Debug\stm32f4xx_hal_i2s.dep
  删除文件 - D:\Code\STM32\Project\Nucleo_Onenet_Zigbee\Nucleo_Onenet\Debug\stm32f4xx_hal_i2s.o
  删除文件 - D:\Code\STM32\Project\Nucleo_Onenet_Zigbee\Nucleo_Onenet\Debug\stm32f4xx_hal_i2s_ex.dep
  删除文件 - D:\Code\STM32\Project\Nucleo_Onenet_Zigbee\Nucleo_Onenet\Debug\stm32f4xx_hal_i2s_ex.o
  删除文件 - D:\Code\STM32\Project\Nucleo_Onenet_Zigbee\Nucleo_Onenet\Debug\stm32f4xx_hal_irda.dep
  删除文件 - D:\Code\STM32\Project\Nucleo_Onenet_Zigbee\Nucleo_Onenet\Debug\stm32f4xx_hal_irda.o
  删除文件 - D:\Code\STM32\Project\Nucleo_Onenet_Zigbee\Nucleo_Onenet\Debug\stm32f4xx_hal_iwdg.dep
  删除文件 - D:\Code\STM32\Project\Nucleo_Onenet_Zigbee\Nucleo_Onenet\Debug\stm32f4xx_hal_iwdg.o
  删除文件 - D:\Code\STM32\Project\Nucleo_Onenet_Zigbee\Nucleo_Onenet\Debug\stm32f4xx_hal_lptim.dep
  删除文件 - D:\Code\STM32\Project\Nucleo_Onenet_Zigbee\Nucleo_Onenet\Debug\stm32f4xx_hal_lptim.o
  删除文件 - D:\Code\STM32\Project\Nucleo_Onenet_Zigbee\Nucleo_Onenet\Debug\stm32f4xx_hal_ltdc.dep
  删除文件 - D:\Code\STM32\Project\Nucleo_Onenet_Zigbee\Nucleo_Onenet\Debug\stm32f4xx_hal_ltdc.o
  删除文件 - D:\Code\STM32\Project\Nucleo_Onenet_Zigbee\Nucleo_Onenet\Debug\stm32f4xx_hal_ltdc_ex.dep
  删除文件 - D:\Code\STM32\Project\Nucleo_Onenet_Zigbee\Nucleo_Onenet\Debug\stm32f4xx_hal_ltdc_ex.o
  删除文件 - D:\Code\STM32\Project\Nucleo_Onenet_Zigbee\Nucleo_Onenet\Debug\stm32f4xx_hal_mmc.dep
  删除文件 - D:\Code\STM32\Project\Nucleo_Onenet_Zigbee\Nucleo_Onenet\Debug\stm32f4xx_hal_mmc.o
  删除文件 - D:\Code\STM32\Project\Nucleo_Onenet_Zigbee\Nucleo_Onenet\Debug\stm32f4xx_hal_msp.dep
  删除文件 - D:\Code\STM32\Project\Nucleo_Onenet_Zigbee\Nucleo_Onenet\Debug\stm32f4xx_hal_msp.o
  删除文件 - D:\Code\STM32\Project\Nucleo_Onenet_Zigbee\Nucleo_Onenet\Debug\stm32f4xx_hal_nand.dep
  删除文件 - D:\Code\STM32\Project\Nucleo_Onenet_Zigbee\Nucleo_Onenet\Debug\stm32f4xx_hal_nand.o
  删除文件 - D:\Code\STM32\Project\Nucleo_Onenet_Zigbee\Nucleo_Onenet\Debug\stm32f4xx_hal_nor.dep
  删除文件 - D:\Code\STM32\Project\Nucleo_Onenet_Zigbee\Nucleo_Onenet\Debug\stm32f4xx_hal_nor.o
  删除文件 - D:\Code\STM32\Project\Nucleo_Onenet_Zigbee\Nucleo_Onenet\Debug\stm32f4xx_hal_pccard.dep
  删除文件 - D:\Code\STM32\Project\Nucleo_Onenet_Zigbee\Nucleo_Onenet\Debug\stm32f4xx_hal_pccard.o
  删除文件 - D:\Code\STM32\Project\Nucleo_Onenet_Zigbee\Nucleo_Onenet\Debug\stm32f4xx_hal_pcd.dep
  删除文件 - D:\Code\STM32\Project\Nucleo_Onenet_Zigbee\Nucleo_Onenet\Debug\stm32f4xx_hal_pcd.o
  删除文件 - D:\Code\STM32\Project\Nucleo_Onenet_Zigbee\Nucleo_Onenet\Debug\stm32f4xx_hal_pcd_ex.dep
  删除文件 - D:\Code\STM32\Project\Nucleo_Onenet_Zigbee\Nucleo_Onenet\Debug\stm32f4xx_hal_pcd_ex.o
  删除文件 - D:\Code\STM32\Project\Nucleo_Onenet_Zigbee\Nucleo_Onenet\Debug\stm32f4xx_hal_pwr.dep
  删除文件 - D:\Code\STM32\Project\Nucleo_Onenet_Zigbee\Nucleo_Onenet\Debug\stm32f4xx_hal_pwr.o
  删除文件 - D:\Code\STM32\Project\Nucleo_Onenet_Zigbee\Nucleo_Onenet\Debug\stm32f4xx_hal_pwr_ex.dep
  删除文件 - D:\Code\STM32\Project\Nucleo_Onenet_Zigbee\Nucleo_Onenet\Debug\stm32f4xx_hal_pwr_ex.o
  删除文件 - D:\Code\STM32\Project\Nucleo_Onenet_Zigbee\Nucleo_Onenet\Debug\stm32f4xx_hal_qspi.dep
  删除文件 - D:\Code\STM32\Project\Nucleo_Onenet_Zigbee\Nucleo_Onenet\Debug\stm32f4xx_hal_qspi.o
  删除文件 - D:\Code\STM32\Project\Nucleo_Onenet_Zigbee\Nucleo_Onenet\Debug\stm32f4xx_hal_rcc.dep
  删除文件 - D:\Code\STM32\Project\Nucleo_Onenet_Zigbee\Nucleo_Onenet\Debug\stm32f4xx_hal_rcc.o
  删除文件 - D:\Code\STM32\Project\Nucleo_Onenet_Zigbee\Nucleo_Onenet\Debug\stm32f4xx_hal_rcc_ex.dep
  删除文件 - D:\Code\STM32\Project\Nucleo_Onenet_Zigbee\Nucleo_Onenet\Debug\stm32f4xx_hal_rcc_ex.o
  删除文件 - D:\Code\STM32\Project\Nucleo_Onenet_Zigbee\Nucleo_Onenet\Debug\stm32f4xx_hal_rng.dep
  删除文件 - D:\Code\STM32\Project\Nucleo_Onenet_Zigbee\Nucleo_Onenet\Debug\stm32f4xx_hal_rng.o
  删除文件 - D:\Code\STM32\Project\Nucleo_Onenet_Zigbee\Nucleo_Onenet\Debug\stm32f4xx_hal_rtc.dep
  删除文件 - D:\Code\STM32\Project\Nucleo_Onenet_Zigbee\Nucleo_Onenet\Debug\stm32f4xx_hal_rtc.o
  删除文件 - D:\Code\STM32\Project\Nucleo_Onenet_Zigbee\Nucleo_Onenet\Debug\stm32f4xx_hal_rtc_ex.dep
  删除文件 - D:\Code\STM32\Project\Nucleo_Onenet_Zigbee\Nucleo_Onenet\Debug\stm32f4xx_hal_rtc_ex.o
  删除文件 - D:\Code\STM32\Project\Nucleo_Onenet_Zigbee\Nucleo_Onenet\Debug\stm32f4xx_hal_sai.dep
  删除文件 - D:\Code\STM32\Project\Nucleo_Onenet_Zigbee\Nucleo_Onenet\Debug\stm32f4xx_hal_sai.o
  删除文件 - D:\Code\STM32\Project\Nucleo_Onenet_Zigbee\Nucleo_Onenet\Debug\stm32f4xx_hal_sai_ex.dep
  删除文件 - D:\Code\STM32\Project\Nucleo_Onenet_Zigbee\Nucleo_Onenet\Debug\stm32f4xx_hal_sai_ex.o
  删除文件 - D:\Code\STM32\Project\Nucleo_Onenet_Zigbee\Nucleo_Onenet\Debug\stm32f4xx_hal_sd.dep
  删除文件 - D:\Code\STM32\Project\Nucleo_Onenet_Zigbee\Nucleo_Onenet\Debug\stm32f4xx_hal_sd.o
  删除文件 - D:\Code\STM32\Project\Nucleo_Onenet_Zigbee\Nucleo_Onenet\Debug\stm32f4xx_hal_sdram.dep
  删除文件 - D:\Code\STM32\Project\Nucleo_Onenet_Zigbee\Nucleo_Onenet\Debug\stm32f4xx_hal_sdram.o
  删除文件 - D:\Code\STM32\Project\Nucleo_Onenet_Zigbee\Nucleo_Onenet\Debug\stm32f4xx_hal_smartcard.dep
  删除文件 - D:\Code\STM32\Project\Nucleo_Onenet_Zigbee\Nucleo_Onenet\Debug\stm32f4xx_hal_smartcard.o
  删除文件 - D:\Code\STM32\Project\Nucleo_Onenet_Zigbee\Nucleo_Onenet\Debug\stm32f4xx_hal_spdifrx.dep
  删除文件 - D:\Code\STM32\Project\Nucleo_Onenet_Zigbee\Nucleo_Onenet\Debug\stm32f4xx_hal_spdifrx.o
  删除文件 - D:\Code\STM32\Project\Nucleo_Onenet_Zigbee\Nucleo_Onenet\Debug\stm32f4xx_hal_spi.dep
  删除文件 - D:\Code\STM32\Project\Nucleo_Onenet_Zigbee\Nucleo_Onenet\Debug\stm32f4xx_hal_spi.o
  删除文件 - D:\Code\STM32\Project\Nucleo_Onenet_Zigbee\Nucleo_Onenet\Debug\stm32f4xx_hal_sram.dep
  删除文件 - D:\Code\STM32\Project\Nucleo_Onenet_Zigbee\Nucleo_Onenet\Debug\stm32f4xx_hal_sram.o
  删除文件 - D:\Code\STM32\Project\Nucleo_Onenet_Zigbee\Nucleo_Onenet\Debug\stm32f4xx_hal_tim.dep
  删除文件 - D:\Code\STM32\Project\Nucleo_Onenet_Zigbee\Nucleo_Onenet\Debug\stm32f4xx_hal_tim.o
  删除文件 - D:\Code\STM32\Project\Nucleo_Onenet_Zigbee\Nucleo_Onenet\Debug\stm32f4xx_hal_tim_ex.dep
  删除文件 - D:\Code\STM32\Project\Nucleo_Onenet_Zigbee\Nucleo_Onenet\Debug\stm32f4xx_hal_tim_ex.o
  删除文件 - D:\Code\STM32\Project\Nucleo_Onenet_Zigbee\Nucleo_Onenet\Debug\stm32f4xx_hal_uart.dep
  删除文件 - D:\Code\STM32\Project\Nucleo_Onenet_Zigbee\Nucleo_Onenet\Debug\stm32f4xx_hal_uart.o
  删除文件 - D:\Code\STM32\Project\Nucleo_Onenet_Zigbee\Nucleo_Onenet\Debug\stm32f4xx_hal_usart.dep
  删除文件 - D:\Code\STM32\Project\Nucleo_Onenet_Zigbee\Nucleo_Onenet\Debug\stm32f4xx_hal_usart.o
  删除文件 - D:\Code\STM32\Project\Nucleo_Onenet_Zigbee\Nucleo_Onenet\Debug\stm32f4xx_hal_wwdg.dep
  删除文件 - D:\Code\STM32\Project\Nucleo_Onenet_Zigbee\Nucleo_Onenet\Debug\stm32f4xx_hal_wwdg.o
  删除文件 - D:\Code\STM32\Project\Nucleo_Onenet_Zigbee\Nucleo_Onenet\Debug\stm32f4xx_it.dep
  删除文件 - D:\Code\STM32\Project\Nucleo_Onenet_Zigbee\Nucleo_Onenet\Debug\stm32f4xx_it.o
  删除文件 - D:\Code\STM32\Project\Nucleo_Onenet_Zigbee\Nucleo_Onenet\Debug\stm32f4xx_ll_adc.dep
  删除文件 - D:\Code\STM32\Project\Nucleo_Onenet_Zigbee\Nucleo_Onenet\Debug\stm32f4xx_ll_adc.o
  删除文件 - D:\Code\STM32\Project\Nucleo_Onenet_Zigbee\Nucleo_Onenet\Debug\stm32f4xx_ll_crc.dep
  删除文件 - D:\Code\STM32\Project\Nucleo_Onenet_Zigbee\Nucleo_Onenet\Debug\stm32f4xx_ll_crc.o
  删除文件 - D:\Code\STM32\Project\Nucleo_Onenet_Zigbee\Nucleo_Onenet\Debug\stm32f4xx_ll_dac.dep
  删除文件 - D:\Code\STM32\Project\Nucleo_Onenet_Zigbee\Nucleo_Onenet\Debug\stm32f4xx_ll_dac.o
  删除文件 - D:\Code\STM32\Project\Nucleo_Onenet_Zigbee\Nucleo_Onenet\Debug\stm32f4xx_ll_dma.dep
  删除文件 - D:\Code\STM32\Project\Nucleo_Onenet_Zigbee\Nucleo_Onenet\Debug\stm32f4xx_ll_dma.o
  删除文件 - D:\Code\STM32\Project\Nucleo_Onenet_Zigbee\Nucleo_Onenet\Debug\stm32f4xx_ll_dma2d.dep
  删除文件 - D:\Code\STM32\Project\Nucleo_Onenet_Zigbee\Nucleo_Onenet\Debug\stm32f4xx_ll_dma2d.o
  删除文件 - D:\Code\STM32\Project\Nucleo_Onenet_Zigbee\Nucleo_Onenet\Debug\stm32f4xx_ll_exti.dep
  删除文件 - D:\Code\STM32\Project\Nucleo_Onenet_Zigbee\Nucleo_Onenet\Debug\stm32f4xx_ll_exti.o
  删除文件 - D:\Code\STM32\Project\Nucleo_Onenet_Zigbee\Nucleo_Onenet\Debug\stm32f4xx_ll_fmc.dep
  删除文件 - D:\Code\STM32\Project\Nucleo_Onenet_Zigbee\Nucleo_Onenet\Debug\stm32f4xx_ll_fmc.o
  删除文件 - D:\Code\STM32\Project\Nucleo_Onenet_Zigbee\Nucleo_Onenet\Debug\stm32f4xx_ll_fsmc.dep
  删除文件 - D:\Code\STM32\Project\Nucleo_Onenet_Zigbee\Nucleo_Onenet\Debug\stm32f4xx_ll_fsmc.o
  删除文件 - D:\Code\STM32\Project\Nucleo_Onenet_Zigbee\Nucleo_Onenet\Debug\stm32f4xx_ll_gpio.dep
  删除文件 - D:\Code\STM32\Project\Nucleo_Onenet_Zigbee\Nucleo_Onenet\Debug\stm32f4xx_ll_gpio.o
  删除文件 - D:\Code\STM32\Project\Nucleo_Onenet_Zigbee\Nucleo_Onenet\Debug\stm32f4xx_ll_i2c.dep
  删除文件 - D:\Code\STM32\Project\Nucleo_Onenet_Zigbee\Nucleo_Onenet\Debug\stm32f4xx_ll_i2c.o
  删除文件 - D:\Code\STM32\Project\Nucleo_Onenet_Zigbee\Nucleo_Onenet\Debug\stm32f4xx_ll_lptim.dep
  删除文件 - D:\Code\STM32\Project\Nucleo_Onenet_Zigbee\Nucleo_Onenet\Debug\stm32f4xx_ll_lptim.o
  删除文件 - D:\Code\STM32\Project\Nucleo_Onenet_Zigbee\Nucleo_Onenet\Debug\stm32f4xx_ll_pwr.dep
  删除文件 - D:\Code\STM32\Project\Nucleo_Onenet_Zigbee\Nucleo_Onenet\Debug\stm32f4xx_ll_pwr.o
  删除文件 - D:\Code\STM32\Project\Nucleo_Onenet_Zigbee\Nucleo_Onenet\Debug\stm32f4xx_ll_rcc.dep
  删除文件 - D:\Code\STM32\Project\Nucleo_Onenet_Zigbee\Nucleo_Onenet\Debug\stm32f4xx_ll_rcc.o
  删除文件 - D:\Code\STM32\Project\Nucleo_Onenet_Zigbee\Nucleo_Onenet\Debug\stm32f4xx_ll_rng.dep
  删除文件 - D:\Code\STM32\Project\Nucleo_Onenet_Zigbee\Nucleo_Onenet\Debug\stm32f4xx_ll_rng.o
  删除文件 - D:\Code\STM32\Project\Nucleo_Onenet_Zigbee\Nucleo_Onenet\Debug\stm32f4xx_ll_rtc.dep
  删除文件 - D:\Code\STM32\Project\Nucleo_Onenet_Zigbee\Nucleo_Onenet\Debug\stm32f4xx_ll_rtc.o
  删除文件 - D:\Code\STM32\Project\Nucleo_Onenet_Zigbee\Nucleo_Onenet\Debug\stm32f4xx_ll_sdmmc.dep
  删除文件 - D:\Code\STM32\Project\Nucleo_Onenet_Zigbee\Nucleo_Onenet\Debug\stm32f4xx_ll_sdmmc.o
  删除文件 - D:\Code\STM32\Project\Nucleo_Onenet_Zigbee\Nucleo_Onenet\Debug\stm32f4xx_ll_spi.dep
  删除文件 - D:\Code\STM32\Project\Nucleo_Onenet_Zigbee\Nucleo_Onenet\Debug\stm32f4xx_ll_spi.o
  删除文件 - D:\Code\STM32\Project\Nucleo_Onenet_Zigbee\Nucleo_Onenet\Debug\stm32f4xx_ll_tim.dep
  删除文件 - D:\Code\STM32\Project\Nucleo_Onenet_Zigbee\Nucleo_Onenet\Debug\stm32f4xx_ll_tim.o
  删除文件 - D:\Code\STM32\Project\Nucleo_Onenet_Zigbee\Nucleo_Onenet\Debug\stm32f4xx_ll_usart.dep
  删除文件 - D:\Code\STM32\Project\Nucleo_Onenet_Zigbee\Nucleo_Onenet\Debug\stm32f4xx_ll_usart.o
  删除文件 - D:\Code\STM32\Project\Nucleo_Onenet_Zigbee\Nucleo_Onenet\Debug\stm32f4xx_ll_usb.dep
  删除文件 - D:\Code\STM32\Project\Nucleo_Onenet_Zigbee\Nucleo_Onenet\Debug\stm32f4xx_ll_usb.o
  删除文件 - D:\Code\STM32\Project\Nucleo_Onenet_Zigbee\Nucleo_Onenet\Debug\stm32f4xx_ll_utils.dep
  删除文件 - D:\Code\STM32\Project\Nucleo_Onenet_Zigbee\Nucleo_Onenet\Debug\stm32f4xx_ll_utils.o
  删除文件 - D:\Code\STM32\Project\Nucleo_Onenet_Zigbee\Nucleo_Onenet\Debug\system_stm32f4xx.dep
  删除文件 - D:\Code\STM32\Project\Nucleo_Onenet_Zigbee\Nucleo_Onenet\Debug\system_stm32f4xx.o
  删除文件 - D:\Code\STM32\Project\Nucleo_Onenet_Zigbee\Nucleo_Onenet\Debug\tim.dep
  删除文件 - D:\Code\STM32\Project\Nucleo_Onenet_Zigbee\Nucleo_Onenet\Debug\tim.o
  删除文件 - D:\Code\STM32\Project\Nucleo_Onenet_Zigbee\Nucleo_Onenet\Debug\usart.dep
  删除文件 - D:\Code\STM32\Project\Nucleo_Onenet_Zigbee\Nucleo_Onenet\Debug\usart.o
  删除文件 - D:\Code\STM32\Project\Nucleo_Onenet_Zigbee\Nucleo_Onenet\Debug\utils.dep
  删除文件 - D:\Code\STM32\Project\Nucleo_Onenet_Zigbee\Nucleo_Onenet\Debug\utils.o
